<?xml version="1.0" encoding="UTF-8"?>
<testsuites name="jest tests" tests="4" failures="0" errors="0" time="11.16">
  <testsuite name="Bookings Endpoints 2024-08-13" errors="0" failures="0" skipped="0" timestamp="2026-09-15T19:27:19" time="10.899" tests="4">
    <testcase classname="Bookings Endpoints 2024-08-13 With api key should be defined" name="Bookings Endpoints 2024-08-13 With api key should be defined" time="0.004">
    </testcase>
    <testcase classname="Bookings Endpoints 2024-08-13 With api key should create a booking with api key" name="Bookings Endpoints 2024-08-13 With api key should create a booking with api key" time="0.37">
    </testcase>
    <testcase classname="Bookings Endpoints 2024-08-13 With api key should reschedule a booking with api key" name="Bookings Endpoints 2024-08-13 With api key should reschedule a booking with api key" time="0.186">
    </testcase>
    <testcase classname="Bookings Endpoints 2024-08-13 With api key should cancel booking" name="Bookings Endpoints 2024-08-13 With api key should cancel booking" time="0.181">
    </testcase>
  </testsuite>
</testsuites>